<?xml version="1.0" encoding="UTF-8"?>
<testsuite xmlns:xsi="http://www.w3.org/2001/XMLSchema-instance" xsi:noNamespaceSchemaLocation="https://maven.apache.org/surefire/maven-surefire-plugin/xsd/surefire-test-report.xsd" version="3.0.2" name="com.backend.deals.DealsServiceTest" time="0.553" tests="4" errors="0" skipped="0" failures="0">
  <properties>
    <property name="java.specification.version" value="17"/>
    <property name="sun.cpu.isalist" value="amd64"/>
    <property name="sun.jnu.encoding" value="Cp1252"/>
    <property name="java.class.path" value="C:\Users\pannamrajesh\OneDrive - Nagarro\Desktop\JAVAMINI\deals\target\test-classes;C:\Users\pannamrajesh\OneDrive - Nagarro\Desktop\JAVAMINI\deals\target\classes;C:\Users\pannamrajesh\.m2\repository\org\springframework\boot\spring-boot-starter-web\3.4.0-SNAPSHOT\spring-boot-starter-web-3.4.0-SNAPSHOT.jar;C:\Users\pannamrajesh\.m2\repository\org\springframework\boot\spring-boot-starter\3.4.0-SNAPSHOT\spring-boot-starter-3.4.0-SNAPSHOT.jar;C:\Users\pannamrajesh\.m2\repository\org\springframework\boot\spring-boot-starter-logging\3.4.0-SNAPSHOT\spring-boot-starter-logging-3.4.0-SNAPSHOT.jar;C:\Users\pannamrajesh\.m2\repository\ch\qos\logback\logback-classic\1.5.8\logback-classic-1.5.8.jar;C:\Users\pannamrajesh\.m2\repository\ch\qos\logback\logback-core\1.5.8\logback-core-1.5.8.jar;C:\Users\pannamrajesh\.m2\repository\org\apache\logging\log4j\log4j-to-slf4j\2.24.0\log4j-to-slf4j-2.24.0.jar;C:\Users\pannamrajesh\.m2\repository\org\apache\logging\log4j\log4j-api\2.24.0\log4j-api-2.24.0.jar;C:\Users\pannamrajesh\.m2\repository\org\slf4j\jul-to-slf4j\2.0.16\jul-to-slf4j-2.0.16.jar;C:\Users\pannamrajesh\.m2\repository\jakarta\annotation\jakarta.annotation-api\2.1.1\jakarta.annotation-api-2.1.1.jar;C:\Users\pannamrajesh\.m2\repository\org\yaml\snakeyaml\2.3\snakeyaml-2.3.jar;C:\Users\pannamrajesh\.m2\repository\org\springframework\boot\spring-boot-starter-json\3.4.0-SNAPSHOT\spring-boot-starter-json-3.4.0-SNAPSHOT.jar;C:\Users\pannamrajesh\.m2\repository\com\fasterxml\jackson\core\jackson-databind\2.17.2\jackson-databind-2.17.2.jar;C:\Users\pannamrajesh\.m2\repository\com\fasterxml\jackson\core\jackson-annotations\2.17.2\jackson-annotations-2.17.2.jar;C:\Users\pannamrajesh\.m2\repository\com\fasterxml\jackson\core\jackson-core\2.17.2\jackson-core-2.17.2.jar;C:\Users\pannamrajesh\.m2\repository\com\fasterxml\jackson\datatype\jackson-datatype-jdk8\2.17.2\jackson-datatype-jdk8-2.17.2.jar;C:\Users\pannamrajesh\.m2\repository\com\fasterxml\jackson\datatype\jackson-datatype-jsr310\2.17.2\jackson-datatype-jsr310-2.17.2.jar;C:\Users\pannamrajesh\.m2\repository\com\fasterxml\jackson\module\jackson-module-parameter-names\2.17.2\jackson-module-parameter-names-2.17.2.jar;C:\Users\pannamrajesh\.m2\repository\org\springframework\boot\spring-boot-starter-tomcat\3.4.0-SNAPSHOT\spring-boot-starter-tomcat-3.4.0-SNAPSHOT.jar;C:\Users\pannamrajesh\.m2\repository\org\apache\tomcat\embed\tomcat-embed-core\10.1.30\tomcat-embed-core-10.1.30.jar;C:\Users\pannamrajesh\.m2\repository\org\apache\tomcat\embed\tomcat-embed-el\10.1.30\tomcat-embed-el-10.1.30.jar;C:\Users\pannamrajesh\.m2\repository\org\apache\tomcat\embed\tomcat-embed-websocket\10.1.30\tomcat-embed-websocket-10.1.30.jar;C:\Users\pannamrajesh\.m2\repository\org\springframework\spring-web\6.2.0-RC1\spring-web-6.2.0-RC1.jar;C:\Users\pannamrajesh\.m2\repository\org\springframework\spring-beans\6.2.0-RC1\spring-beans-6.2.0-RC1.jar;C:\Users\pannamrajesh\.m2\repository\io\micrometer\micrometer-observation\1.14.0-M3\micrometer-observation-1.14.0-M3.jar;C:\Users\pannamrajesh\.m2\repository\io\micrometer\micrometer-commons\1.14.0-M3\micrometer-commons-1.14.0-M3.jar;C:\Users\pannamrajesh\.m2\repository\org\springframework\spring-webmvc\6.2.0-RC1\spring-webmvc-6.2.0-RC1.jar;C:\Users\pannamrajesh\.m2\repository\org\springframework\spring-aop\6.2.0-RC1\spring-aop-6.2.0-RC1.jar;C:\Users\pannamrajesh\.m2\repository\org\springframework\spring-context\6.2.0-RC1\spring-context-6.2.0-RC1.jar;C:\Users\pannamrajesh\.m2\repository\org\springframework\spring-expression\6.2.0-RC1\spring-expression-6.2.0-RC1.jar;C:\Users\pannamrajesh\.m2\repository\org\springframework\boot\spring-boot-devtools\3.4.0-SNAPSHOT\spring-boot-devtools-3.4.0-SNAPSHOT.jar;C:\Users\pannamrajesh\.m2\repository\org\springframework\boot\spring-boot\3.4.0-SNAPSHOT\spring-boot-3.4.0-SNAPSHOT.jar;C:\Users\pannamrajesh\.m2\repository\org\springframework\boot\spring-boot-autoconfigure\3.4.0-SNAPSHOT\spring-boot-autoconfigure-3.4.0-SNAPSHOT.jar;C:\Users\pannamrajesh\.m2\repository\org\springframework\boot\spring-boot-starter-test\3.4.0-SNAPSHOT\spring-boot-starter-test-3.4.0-SNAPSHOT.jar;C:\Users\pannamrajesh\.m2\repository\org\springframework\boot\spring-boot-test\3.4.0-SNAPSHOT\spring-boot-test-3.4.0-SNAPSHOT.jar;C:\Users\pannamrajesh\.m2\repository\org\springframework\boot\spring-boot-test-autoconfigure\3.4.0-SNAPSHOT\spring-boot-test-autoconfigure-3.4.0-SNAPSHOT.jar;C:\Users\pannamrajesh\.m2\repository\com\jayway\jsonpath\json-path\2.9.0\json-path-2.9.0.jar;C:\Users\pannamrajesh\.m2\repository\org\slf4j\slf4j-api\2.0.16\slf4j-api-2.0.16.jar;C:\Users\pannamrajesh\.m2\repository\jakarta\xml\bind\jakarta.xml.bind-api\4.0.2\jakarta.xml.bind-api-4.0.2.jar;C:\Users\pannamrajesh\.m2\repository\jakarta\activation\jakarta.activation-api\2.1.3\jakarta.activation-api-2.1.3.jar;C:\Users\pannamrajesh\.m2\repository\net\minidev\json-smart\2.5.1\json-smart-2.5.1.jar;C:\Users\pannamrajesh\.m2\repository\net\minidev\accessors-smart\2.5.1\accessors-smart-2.5.1.jar;C:\Users\pannamrajesh\.m2\repository\org\ow2\asm\asm\9.6\asm-9.6.jar;C:\Users\pannamrajesh\.m2\repository\org\assertj\assertj-core\3.26.3\assertj-core-3.26.3.jar;C:\Users\pannamrajesh\.m2\repository\org\awaitility\awaitility\4.2.2\awaitility-4.2.2.jar;C:\Users\pannamrajesh\.m2\repository\org\hamcrest\hamcrest\2.2\hamcrest-2.2.jar;C:\Users\pannamrajesh\.m2\repository\org\junit\jupiter\junit-jupiter\5.11.0\junit-jupiter-5.11.0.jar;C:\Users\pannamrajesh\.m2\repository\org\junit\jupiter\junit-jupiter-api\5.11.0\junit-jupiter-api-5.11.0.jar;C:\Users\pannamrajesh\.m2\repository\org\opentest4j\opentest4j\1.3.0\opentest4j-1.3.0.jar;C:\Users\pannamrajesh\.m2\repository\org\junit\platform\junit-platform-commons\1.11.0\junit-platform-commons-1.11.0.jar;C:\Users\pannamrajesh\.m2\repository\org\apiguardian\apiguardian-api\1.1.2\apiguardian-api-1.1.2.jar;C:\Users\pannamrajesh\.m2\repository\org\junit\jupiter\junit-jupiter-params\5.11.0\junit-jupiter-params-5.11.0.jar;C:\Users\pannamrajesh\.m2\repository\org\junit\jupiter\junit-jupiter-engine\5.11.0\junit-jupiter-engine-5.11.0.jar;C:\Users\pannamrajesh\.m2\repository\org\junit\platform\junit-platform-engine\1.11.0\junit-platform-engine-1.11.0.jar;C:\Users\pannamrajesh\.m2\repository\org\mockito\mockito-junit-jupiter\5.13.0\mockito-junit-jupiter-5.13.0.jar;C:\Users\pannamrajesh\.m2\repository\org\skyscreamer\jsonassert\1.5.3\jsonassert-1.5.3.jar;C:\Users\pannamrajesh\.m2\repository\com\vaadin\external\google\android-json\0.0.20131108.vaadin1\android-json-0.0.20131108.vaadin1.jar;C:\Users\pannamrajesh\.m2\repository\org\springframework\spring-core\6.2.0-RC1\spring-core-6.2.0-RC1.jar;C:\Users\pannamrajesh\.m2\repository\org\springframework\spring-jcl\6.2.0-RC1\spring-jcl-6.2.0-RC1.jar;C:\Users\pannamrajesh\.m2\repository\org\springframework\spring-test\6.2.0-RC1\spring-test-6.2.0-RC1.jar;C:\Users\pannamrajesh\.m2\repository\org\xmlunit\xmlunit-core\2.10.0\xmlunit-core-2.10.0.jar;C:\Users\pannamrajesh\.m2\repository\org\springframework\boot\spring-boot-starter-webflux\3.4.0-SNAPSHOT\spring-boot-starter-webflux-3.4.0-SNAPSHOT.jar;C:\Users\pannamrajesh\.m2\repository\org\springframework\boot\spring-boot-starter-reactor-netty\3.4.0-SNAPSHOT\spring-boot-starter-reactor-netty-3.4.0-SNAPSHOT.jar;C:\Users\pannamrajesh\.m2\repository\io\projectreactor\netty\reactor-netty-http\1.2.0-M5\reactor-netty-http-1.2.0-M5.jar;C:\Users\pannamrajesh\.m2\repository\io\netty\netty-codec-http\4.1.113.Final\netty-codec-http-4.1.113.Final.jar;C:\Users\pannamrajesh\.m2\repository\io\netty\netty-common\4.1.113.Final\netty-common-4.1.113.Final.jar;C:\Users\pannamrajesh\.m2\repository\io\netty\netty-buffer\4.1.113.Final\netty-buffer-4.1.113.Final.jar;C:\Users\pannamrajesh\.m2\repository\io\netty\netty-transport\4.1.113.Final\netty-transport-4.1.113.Final.jar;C:\Users\pannamrajesh\.m2\repository\io\netty\netty-codec\4.1.113.Final\netty-codec-4.1.113.Final.jar;C:\Users\pannamrajesh\.m2\repository\io\netty\netty-handler\4.1.113.Final\netty-handler-4.1.113.Final.jar;C:\Users\pannamrajesh\.m2\repository\io\netty\netty-codec-http2\4.1.113.Final\netty-codec-http2-4.1.113.Final.jar;C:\Users\pannamrajesh\.m2\repository\io\netty\netty-resolver-dns\4.1.113.Final\netty-resolver-dns-4.1.113.Final.jar;C:\Users\pannamrajesh\.m2\repository\io\netty\netty-resolver\4.1.113.Final\netty-resolver-4.1.113.Final.jar;C:\Users\pannamrajesh\.m2\repository\io\netty\netty-codec-dns\4.1.113.Final\netty-codec-dns-4.1.113.Final.jar;C:\Users\pannamrajesh\.m2\repository\io\netty\netty-resolver-dns-native-macos\4.1.113.Final\netty-resolver-dns-native-macos-4.1.113.Final-osx-x86_64.jar;C:\Users\pannamrajesh\.m2\repository\io\netty\netty-resolver-dns-classes-macos\4.1.113.Final\netty-resolver-dns-classes-macos-4.1.113.Final.jar;C:\Users\pannamrajesh\.m2\repository\io\netty\netty-transport-native-epoll\4.1.113.Final\netty-transport-native-epoll-4.1.113.Final-linux-x86_64.jar;C:\Users\pannamrajesh\.m2\repository\io\netty\netty-transport-native-unix-common\4.1.113.Final\netty-transport-native-unix-common-4.1.113.Final.jar;C:\Users\pannamrajesh\.m2\repository\io\netty\netty-transport-classes-epoll\4.1.113.Final\netty-transport-classes-epoll-4.1.113.Final.jar;C:\Users\pannamrajesh\.m2\repository\io\projectreactor\netty\reactor-netty-core\1.2.0-M5\reactor-netty-core-1.2.0-M5.jar;C:\Users\pannamrajesh\.m2\repository\io\netty\netty-handler-proxy\4.1.113.Final\netty-handler-proxy-4.1.113.Final.jar;C:\Users\pannamrajesh\.m2\repository\io\netty\netty-codec-socks\4.1.113.Final\netty-codec-socks-4.1.113.Final.jar;C:\Users\pannamrajesh\.m2\repository\org\springframework\spring-webflux\6.2.0-RC1\spring-webflux-6.2.0-RC1.jar;C:\Users\pannamrajesh\.m2\repository\io\projectreactor\reactor-core\3.7.0-M6\reactor-core-3.7.0-M6.jar;C:\Users\pannamrajesh\.m2\repository\org\reactivestreams\reactive-streams\1.0.4\reactive-streams-1.0.4.jar;C:\Users\pannamrajesh\.m2\repository\org\projectlombok\lombok\1.18.34\lombok-1.18.34.jar;C:\Users\pannamrajesh\.m2\repository\org\mockito\mockito-core\5.13.0\mockito-core-5.13.0.jar;C:\Users\pannamrajesh\.m2\repository\net\bytebuddy\byte-buddy\1.15.1\byte-buddy-1.15.1.jar;C:\Users\pannamrajesh\.m2\repository\net\bytebuddy\byte-buddy-agent\1.15.1\byte-buddy-agent-1.15.1.jar;C:\Users\pannamrajesh\.m2\repository\org\objenesis\objenesis\3.3\objenesis-3.3.jar;"/>
    <property name="java.vm.vendor" value="Eclipse Adoptium"/>
    <property name="sun.arch.data.model" value="64"/>
    <property name="user.variant" value=""/>
    <property name="java.vendor.url" value="https://adoptium.net/"/>
    <property name="user.timezone" value="Asia/Calcutta"/>
    <property name="os.name" value="Windows 11"/>
    <property name="java.vm.specification.version" value="17"/>
    <property name="sun.java.launcher" value="SUN_STANDARD"/>
    <property name="user.country" value="IN"/>
    <property name="sun.boot.library.path" value="C:\Users\pannamrajesh\.p2\pool\plugins\org.eclipse.justj.openjdk.hotspot.jre.full.win32.x86_64_17.0.7.v20230425-1502\jre\bin"/>
    <property name="sun.java.command" value="C:\Users\pannamrajesh\AppData\Local\Temp\surefire6277522904543503989\surefirebooter-20241001081051513_3.jar C:\Users\pannamrajesh\AppData\Local\Temp\surefire6277522904543503989 2024-10-01T08-10-51_333-jvmRun1 surefire-20241001081051513_1tmp surefire_0-20241001081051513_2tmp"/>
    <property name="jdk.debug" value="release"/>
    <property name="surefire.test.class.path" value="C:\Users\pannamrajesh\OneDrive - Nagarro\Desktop\JAVAMINI\deals\target\test-classes;C:\Users\pannamrajesh\OneDrive - Nagarro\Desktop\JAVAMINI\deals\target\classes;C:\Users\pannamrajesh\.m2\repository\org\springframework\boot\spring-boot-starter-web\3.4.0-SNAPSHOT\spring-boot-starter-web-3.4.0-SNAPSHOT.jar;C:\Users\pannamrajesh\.m2\repository\org\springframework\boot\spring-boot-starter\3.4.0-SNAPSHOT\spring-boot-starter-3.4.0-SNAPSHOT.jar;C:\Users\pannamrajesh\.m2\repository\org\springframework\boot\spring-boot-starter-logging\3.4.0-SNAPSHOT\spring-boot-starter-logging-3.4.0-SNAPSHOT.jar;C:\Users\pannamrajesh\.m2\repository\ch\qos\logback\logback-classic\1.5.8\logback-classic-1.5.8.jar;C:\Users\pannamrajesh\.m2\repository\ch\qos\logback\logback-core\1.5.8\logback-core-1.5.8.jar;C:\Users\pannamrajesh\.m2\repository\org\apache\logging\log4j\log4j-to-slf4j\2.24.0\log4j-to-slf4j-2.24.0.jar;C:\Users\pannamrajesh\.m2\repository\org\apache\logging\log4j\log4j-api\2.24.0\log4j-api-2.24.0.jar;C:\Users\pannamrajesh\.m2\repository\org\slf4j\jul-to-slf4j\2.0.16\jul-to-slf4j-2.0.16.jar;C:\Users\pannamrajesh\.m2\repository\jakarta\annotation\jakarta.annotation-api\2.1.1\jakarta.annotation-api-2.1.1.jar;C:\Users\pannamrajesh\.m2\repository\org\yaml\snakeyaml\2.3\snakeyaml-2.3.jar;C:\Users\pannamrajesh\.m2\repository\org\springframework\boot\spring-boot-starter-json\3.4.0-SNAPSHOT\spring-boot-starter-json-3.4.0-SNAPSHOT.jar;C:\Users\pannamrajesh\.m2\repository\com\fasterxml\jackson\core\jackson-databind\2.17.2\jackson-databind-2.17.2.jar;C:\Users\pannamrajesh\.m2\repository\com\fasterxml\jackson\core\jackson-annotations\2.17.2\jackson-annotations-2.17.2.jar;C:\Users\pannamrajesh\.m2\repository\com\fasterxml\jackson\core\jackson-core\2.17.2\jackson-core-2.17.2.jar;C:\Users\pannamrajesh\.m2\repository\com\fasterxml\jackson\datatype\jackson-datatype-jdk8\2.17.2\jackson-datatype-jdk8-2.17.2.jar;C:\Users\pannamrajesh\.m2\repository\com\fasterxml\jackson\datatype\jackson-datatype-jsr310\2.17.2\jackson-datatype-jsr310-2.17.2.jar;C:\Users\pannamrajesh\.m2\repository\com\fasterxml\jackson\module\jackson-module-parameter-names\2.17.2\jackson-module-parameter-names-2.17.2.jar;C:\Users\pannamrajesh\.m2\repository\org\springframework\boot\spring-boot-starter-tomcat\3.4.0-SNAPSHOT\spring-boot-starter-tomcat-3.4.0-SNAPSHOT.jar;C:\Users\pannamrajesh\.m2\repository\org\apache\tomcat\embed\tomcat-embed-core\10.1.30\tomcat-embed-core-10.1.30.jar;C:\Users\pannamrajesh\.m2\repository\org\apache\tomcat\embed\tomcat-embed-el\10.1.30\tomcat-embed-el-10.1.30.jar;C:\Users\pannamrajesh\.m2\repository\org\apache\tomcat\embed\tomcat-embed-websocket\10.1.30\tomcat-embed-websocket-10.1.30.jar;C:\Users\pannamrajesh\.m2\repository\org\springframework\spring-web\6.2.0-RC1\spring-web-6.2.0-RC1.jar;C:\Users\pannamrajesh\.m2\repository\org\springframework\spring-beans\6.2.0-RC1\spring-beans-6.2.0-RC1.jar;C:\Users\pannamrajesh\.m2\repository\io\micrometer\micrometer-observation\1.14.0-M3\micrometer-observation-1.14.0-M3.jar;C:\Users\pannamrajesh\.m2\repository\io\micrometer\micrometer-commons\1.14.0-M3\micrometer-commons-1.14.0-M3.jar;C:\Users\pannamrajesh\.m2\repository\org\springframework\spring-webmvc\6.2.0-RC1\spring-webmvc-6.2.0-RC1.jar;C:\Users\pannamrajesh\.m2\repository\org\springframework\spring-aop\6.2.0-RC1\spring-aop-6.2.0-RC1.jar;C:\Users\pannamrajesh\.m2\repository\org\springframework\spring-context\6.2.0-RC1\spring-context-6.2.0-RC1.jar;C:\Users\pannamrajesh\.m2\repository\org\springframework\spring-expression\6.2.0-RC1\spring-expression-6.2.0-RC1.jar;C:\Users\pannamrajesh\.m2\repository\org\springframework\boot\spring-boot-devtools\3.4.0-SNAPSHOT\spring-boot-devtools-3.4.0-SNAPSHOT.jar;C:\Users\pannamrajesh\.m2\repository\org\springframework\boot\spring-boot\3.4.0-SNAPSHOT\spring-boot-3.4.0-SNAPSHOT.jar;C:\Users\pannamrajesh\.m2\repository\org\springframework\boot\spring-boot-autoconfigure\3.4.0-SNAPSHOT\spring-boot-autoconfigure-3.4.0-SNAPSHOT.jar;C:\Users\pannamrajesh\.m2\repository\org\springframework\boot\spring-boot-starter-test\3.4.0-SNAPSHOT\spring-boot-starter-test-3.4.0-SNAPSHOT.jar;C:\Users\pannamrajesh\.m2\repository\org\springframework\boot\spring-boot-test\3.4.0-SNAPSHOT\spring-boot-test-3.4.0-SNAPSHOT.jar;C:\Users\pannamrajesh\.m2\repository\org\springframework\boot\spring-boot-test-autoconfigure\3.4.0-SNAPSHOT\spring-boot-test-autoconfigure-3.4.0-SNAPSHOT.jar;C:\Users\pannamrajesh\.m2\repository\com\jayway\jsonpath\json-path\2.9.0\json-path-2.9.0.jar;C:\Users\pannamrajesh\.m2\repository\org\slf4j\slf4j-api\2.0.16\slf4j-api-2.0.16.jar;C:\Users\pannamrajesh\.m2\repository\jakarta\xml\bind\jakarta.xml.bind-api\4.0.2\jakarta.xml.bind-api-4.0.2.jar;C:\Users\pannamrajesh\.m2\repository\jakarta\activation\jakarta.activation-api\2.1.3\jakarta.activation-api-2.1.3.jar;C:\Users\pannamrajesh\.m2\repository\net\minidev\json-smart\2.5.1\json-smart-2.5.1.jar;C:\Users\pannamrajesh\.m2\repository\net\minidev\accessors-smart\2.5.1\accessors-smart-2.5.1.jar;C:\Users\pannamrajesh\.m2\repository\org\ow2\asm\asm\9.6\asm-9.6.jar;C:\Users\pannamrajesh\.m2\repository\org\assertj\assertj-core\3.26.3\assertj-core-3.26.3.jar;C:\Users\pannamrajesh\.m2\repository\org\awaitility\awaitility\4.2.2\awaitility-4.2.2.jar;C:\Users\pannamrajesh\.m2\repository\org\hamcrest\hamcrest\2.2\hamcrest-2.2.jar;C:\Users\pannamrajesh\.m2\repository\org\junit\jupiter\junit-jupiter\5.11.0\junit-jupiter-5.11.0.jar;C:\Users\pannamrajesh\.m2\repository\org\junit\jupiter\junit-jupiter-api\5.11.0\junit-jupiter-api-5.11.0.jar;C:\Users\pannamrajesh\.m2\repository\org\opentest4j\opentest4j\1.3.0\opentest4j-1.3.0.jar;C:\Users\pannamrajesh\.m2\repository\org\junit\platform\junit-platform-commons\1.11.0\junit-platform-commons-1.11.0.jar;C:\Users\pannamrajesh\.m2\repository\org\apiguardian\apiguardian-api\1.1.2\apiguardian-api-1.1.2.jar;C:\Users\pannamrajesh\.m2\repository\org\junit\jupiter\junit-jupiter-params\5.11.0\junit-jupiter-params-5.11.0.jar;C:\Users\pannamrajesh\.m2\repository\org\junit\jupiter\junit-jupiter-engine\5.11.0\junit-jupiter-engine-5.11.0.jar;C:\Users\pannamrajesh\.m2\repository\org\junit\platform\junit-platform-engine\1.11.0\junit-platform-engine-1.11.0.jar;C:\Users\pannamrajesh\.m2\repository\org\mockito\mockito-junit-jupiter\5.13.0\mockito-junit-jupiter-5.13.0.jar;C:\Users\pannamrajesh\.m2\repository\org\skyscreamer\jsonassert\1.5.3\jsonassert-1.5.3.jar;C:\Users\pannamrajesh\.m2\repository\com\vaadin\external\google\android-json\0.0.20131108.vaadin1\android-json-0.0.20131108.vaadin1.jar;C:\Users\pannamrajesh\.m2\repository\org\springframework\spring-core\6.2.0-RC1\spring-core-6.2.0-RC1.jar;C:\Users\pannamrajesh\.m2\repository\org\springframework\spring-jcl\6.2.0-RC1\spring-jcl-6.2.0-RC1.jar;C:\Users\pannamrajesh\.m2\repository\org\springframework\spring-test\6.2.0-RC1\spring-test-6.2.0-RC1.jar;C:\Users\pannamrajesh\.m2\repository\org\xmlunit\xmlunit-core\2.10.0\xmlunit-core-2.10.0.jar;C:\Users\pannamrajesh\.m2\repository\org\springframework\boot\spring-boot-starter-webflux\3.4.0-SNAPSHOT\spring-boot-starter-webflux-3.4.0-SNAPSHOT.jar;C:\Users\pannamrajesh\.m2\repository\org\springframework\boot\spring-boot-starter-reactor-netty\3.4.0-SNAPSHOT\spring-boot-starter-reactor-netty-3.4.0-SNAPSHOT.jar;C:\Users\pannamrajesh\.m2\repository\io\projectreactor\netty\reactor-netty-http\1.2.0-M5\reactor-netty-http-1.2.0-M5.jar;C:\Users\pannamrajesh\.m2\repository\io\netty\netty-codec-http\4.1.113.Final\netty-codec-http-4.1.113.Final.jar;C:\Users\pannamrajesh\.m2\repository\io\netty\netty-common\4.1.113.Final\netty-common-4.1.113.Final.jar;C:\Users\pannamrajesh\.m2\repository\io\netty\netty-buffer\4.1.113.Final\netty-buffer-4.1.113.Final.jar;C:\Users\pannamrajesh\.m2\repository\io\netty\netty-transport\4.1.113.Final\netty-transport-4.1.113.Final.jar;C:\Users\pannamrajesh\.m2\repository\io\netty\netty-codec\4.1.113.Final\netty-codec-4.1.113.Final.jar;C:\Users\pannamrajesh\.m2\repository\io\netty\netty-handler\4.1.113.Final\netty-handler-4.1.113.Final.jar;C:\Users\pannamrajesh\.m2\repository\io\netty\netty-codec-http2\4.1.113.Final\netty-codec-http2-4.1.113.Final.jar;C:\Users\pannamrajesh\.m2\repository\io\netty\netty-resolver-dns\4.1.113.Final\netty-resolver-dns-4.1.113.Final.jar;C:\Users\pannamrajesh\.m2\repository\io\netty\netty-resolver\4.1.113.Final\netty-resolver-4.1.113.Final.jar;C:\Users\pannamrajesh\.m2\repository\io\netty\netty-codec-dns\4.1.113.Final\netty-codec-dns-4.1.113.Final.jar;C:\Users\pannamrajesh\.m2\repository\io\netty\netty-resolver-dns-native-macos\4.1.113.Final\netty-resolver-dns-native-macos-4.1.113.Final-osx-x86_64.jar;C:\Users\pannamrajesh\.m2\repository\io\netty\netty-resolver-dns-classes-macos\4.1.113.Final\netty-resolver-dns-classes-macos-4.1.113.Final.jar;C:\Users\pannamrajesh\.m2\repository\io\netty\netty-transport-native-epoll\4.1.113.Final\netty-transport-native-epoll-4.1.113.Final-linux-x86_64.jar;C:\Users\pannamrajesh\.m2\repository\io\netty\netty-transport-native-unix-common\4.1.113.Final\netty-transport-native-unix-common-4.1.113.Final.jar;C:\Users\pannamrajesh\.m2\repository\io\netty\netty-transport-classes-epoll\4.1.113.Final\netty-transport-classes-epoll-4.1.113.Final.jar;C:\Users\pannamrajesh\.m2\repository\io\projectreactor\netty\reactor-netty-core\1.2.0-M5\reactor-netty-core-1.2.0-M5.jar;C:\Users\pannamrajesh\.m2\repository\io\netty\netty-handler-proxy\4.1.113.Final\netty-handler-proxy-4.1.113.Final.jar;C:\Users\pannamrajesh\.m2\repository\io\netty\netty-codec-socks\4.1.113.Final\netty-codec-socks-4.1.113.Final.jar;C:\Users\pannamrajesh\.m2\repository\org\springframework\spring-webflux\6.2.0-RC1\spring-webflux-6.2.0-RC1.jar;C:\Users\pannamrajesh\.m2\repository\io\projectreactor\reactor-core\3.7.0-M6\reactor-core-3.7.0-M6.jar;C:\Users\pannamrajesh\.m2\repository\org\reactivestreams\reactive-streams\1.0.4\reactive-streams-1.0.4.jar;C:\Users\pannamrajesh\.m2\repository\org\projectlombok\lombok\1.18.34\lombok-1.18.34.jar;C:\Users\pannamrajesh\.m2\repository\org\mockito\mockito-core\5.13.0\mockito-core-5.13.0.jar;C:\Users\pannamrajesh\.m2\repository\net\bytebuddy\byte-buddy\1.15.1\byte-buddy-1.15.1.jar;C:\Users\pannamrajesh\.m2\repository\net\bytebuddy\byte-buddy-agent\1.15.1\byte-buddy-agent-1.15.1.jar;C:\Users\pannamrajesh\.m2\repository\org\objenesis\objenesis\3.3\objenesis-3.3.jar;"/>
    <property name="sun.cpu.endian" value="little"/>
    <property name="user.home" value="C:\Users\pannamrajesh"/>
    <property name="user.language" value="en"/>
    <property name="java.specification.vendor" value="Oracle Corporation"/>
    <property name="java.version.date" value="2023-04-18"/>
    <property name="java.home" value="C:\Users\pannamrajesh\.p2\pool\plugins\org.eclipse.justj.openjdk.hotspot.jre.full.win32.x86_64_17.0.7.v20230425-1502\jre"/>
    <property name="file.separator" value="\"/>
    <property name="style.color" value="always"/>
    <property name="basedir" value="C:\Users\pannamrajesh\OneDrive - Nagarro\Desktop\JAVAMINI\deals"/>
    <property name="java.vm.compressedOopsMode" value="Zero based"/>
    <property name="line.separator" value="&#10;"/>
    <property name="java.vm.specification.vendor" value="Oracle Corporation"/>
    <property name="java.specification.name" value="Java Platform API Specification"/>
    <property name="FILE_LOG_CHARSET" value="windows-1252"/>
    <property name="java.awt.headless" value="true"/>
    <property name="surefire.real.class.path" value="C:\Users\pannamrajesh\AppData\Local\Temp\surefire6277522904543503989\surefirebooter-20241001081051513_3.jar"/>
    <property name="user.script" value=""/>
    <property name="sun.management.compiler" value="HotSpot 64-Bit Tiered Compilers"/>
    <property name="java.runtime.version" value="17.0.7+7"/>
    <property name="user.name" value="pannamrajesh"/>
    <property name="path.separator" value=";"/>
    <property name="os.version" value="10.0"/>
    <property name="java.runtime.name" value="OpenJDK Runtime Environment"/>
    <property name="file.encoding" value="Cp1252"/>
    <property name="java.vm.name" value="OpenJDK 64-Bit Server VM"/>
    <property name="java.vendor.version" value="Temurin-17.0.7+7"/>
    <property name="localRepository" value="C:\Users\pannamrajesh\.m2\repository"/>
    <property name="java.vendor.url.bug" value="https://github.com/adoptium/adoptium-support/issues"/>
    <property name="java.io.tmpdir" value="C:\Users\PANNAM~1\AppData\Local\Temp\"/>
    <property name="java.version" value="17.0.7"/>
    <property name="user.dir" value="C:\Users\pannamrajesh\OneDrive - Nagarro\Desktop\JAVAMINI\deals"/>
    <property name="os.arch" value="amd64"/>
    <property name="java.vm.specification.name" value="Java Virtual Machine Specification"/>
    <property name="PID" value="33724"/>
    <property name="sun.os.patch.level" value=""/>
    <property name="CONSOLE_LOG_CHARSET" value="windows-1252"/>
    <property name="native.encoding" value="Cp1252"/>
    <property name="java.library.path" value="C:\Users\pannamrajesh\.p2\pool\plugins\org.eclipse.justj.openjdk.hotspot.jre.full.win32.x86_64_17.0.7.v20230425-1502\jre\bin;C:\Windows\Sun\Java\bin;C:\Windows\system32;C:\Windows;C:/Users/pannamrajesh/.p2/pool/plugins/org.eclipse.justj.openjdk.hotspot.jre.full.win32.x86_64_17.0.7.v20230425-1502/jre/bin/server;C:/Users/pannamrajesh/.p2/pool/plugins/org.eclipse.justj.openjdk.hotspot.jre.full.win32.x86_64_17.0.7.v20230425-1502/jre/bin;C:\Program Files (x86)\Microsoft SDKs\Azure\CLI2\wbin;C:\Windows\system32;C:\Windows;C:\Windows\System32\Wbem;C:\Windows\System32\WindowsPowerShell\v1.0\;C:\Windows\System32\OpenSSH\;C:\Program Files\dotnet\;C:\Program Files\Microsoft SQL Server\130\Tools\Binn\;C:\Program Files\Microsoft SQL Server\Client SDK\ODBC\170\Tools\Binn\;C:\Program Files\java-11-openjdk-11.0.15.9-4.windows.redhat.x86_64\bin;C:\Program Files (x86)\Microsoft SQL Server\150\DTS\Binn\;C:\Program Files\Azure Data Studio\bin;C:\Program Files (x86)\Microsoft SQL Server\140\Tools\Binn\;C:\Program Files\Microsoft SQL Server\140\Tools\Binn\;C:\Program Files (x86)\Microsoft SQL Server\140\DTS\Binn\;C:\Program Files\Microsoft SQL Server\140\DTS\Binn\;C:\Program Files\Microsoft SQL Server\Client SDK\ODBC\130\Tools\Binn\;C:\.Net  Java Software\apache-maven-3.6.3-bin\apache-maven-3.6.3\bin;C:\Users\pannamrajesh\Downloads\apache-ant-1.10.13-bin\apache-ant-1.10.13\bin;C:\Program Files\java-11-openjdk-11.0.15.9-4.windows.redhat.x86_64\bin;C:\open-JKD-11;C:\Users\pannamrajesh\AppData\Local\Android\Sdk\platform-tools;C:\Program Files\TortoiseSVN\bin;C:\Program Files\Git\cmd;C:\Program Files\nodejs\;C:\Users\pannamrajesh\AppData\Local\Microsoft\WindowsApps;C:\Users\pannamrajesh\AppData\Roaming\npm;C:\Program Files\Azure Data Studio\bin;C:\Users\pannamrajesh\AppData\Local\Programs\Microsoft VS Code\bin;C:\Windows\System32;;."/>
    <property name="java.vm.info" value="mixed mode"/>
    <property name="java.vendor" value="Eclipse Adoptium"/>
    <property name="java.vm.version" value="17.0.7+7"/>
    <property name="sun.io.unicode.encoding" value="UnicodeLittle"/>
    <property name="java.class.version" value="61.0"/>
  </properties>
  <testcase name="testFetchAllCombinedDeals" classname="com.backend.deals.DealsServiceTest" time="0.525"/>
  <testcase name="testIsDealActive" classname="com.backend.deals.DealsServiceTest" time="0.008"/>
  <testcase name="testCreateDealItem" classname="com.backend.deals.DealsServiceTest" time="0.006"/>
  <testcase name="testFetchAllCombinedDealsAPICheck" classname="com.backend.deals.DealsServiceTest" time="0.009">
    <system-out><![CDATA[Deals fetched from all APIs: [com.backend.deals.Model.DealItem@5600a278, com.backend.deals.Model.DealItem@5600a278, com.backend.deals.Model.DealItem@5600a278, com.backend.deals.Model.DealItem@549d14fe, com.backend.deals.Model.DealItem@549d14fe, com.backend.deals.Model.DealItem@549d14fe]
]]></system-out>
  </testcase>
</testsuite>